Flow report for HighPass_FIR
Fri Jun 20 23:44:41 2025
Quartus Prime Version 21.1.0 Build 842 10/21/2021 SJ Lite Edition


---------------------
; Table of Contents ;
---------------------
  1. Legal Notice
  2. Flow Summary
  3. Flow Settings
  4. Flow Non-Default Global Settings
  5. Flow Elapsed Time
  6. Flow OS Summary
  7. Flow Log
  8. Flow Messages
  9. Flow Suppressed Messages



----------------
; Legal Notice ;
----------------
Copyright (C) 2021  Intel Corporation. All rights reserved.
Your use of Intel Corporation's design tools, logic functions 
and other software and tools, and any partner logic 
functions, and any output files from any of the foregoing 
(including device programming or simulation files), and any 
associated documentation or information are expressly subject 
to the terms and conditions of the Intel Program License 
Subscription Agreement, the Intel Quartus Prime License Agreement,
the Intel FPGA IP License Agreement, or other applicable license
agreement, including, without limitation, that your use is for
the sole purpose of programming logic devices manufactured by
Intel and sold by Intel or its authorized distributors.  Please
refer to the applicable agreement for further details, at
https://fpgasoftware.intel.com/eula.



+----------------------------------------------------------------------------------+
; Flow Summary                                                                     ;
+------------------------------------+---------------------------------------------+
; Flow Status                        ; Successful - Fri Jun 20 23:44:41 2025       ;
; Quartus Prime Version              ; 21.1.0 Build 842 10/21/2021 SJ Lite Edition ;
; Revision Name                      ; HighPass_FIR                                ;
; Top-level Entity Name              ; HighPass_FIR                                ;
; Family                             ; MAX 10                                      ;
; Device                             ; 10M50DAF484C7G                              ;
; Timing Models                      ; Final                                       ;
; Total logic elements               ; 7,273 / 49,760 ( 15 % )                     ;
;     Total combinational functions  ; 6,963 / 49,760 ( 14 % )                     ;
;     Dedicated logic registers      ; 1,407 / 49,760 ( 3 % )                      ;
; Total registers                    ; 1407                                        ;
; Total pins                         ; 22 / 360 ( 6 % )                            ;
; Total virtual pins                 ; 0                                           ;
; Total memory bits                  ; 768 / 1,677,312 ( < 1 % )                   ;
; Embedded Multiplier 9-bit elements ; 0 / 288 ( 0 % )                             ;
; Total PLLs                         ; 1 / 4 ( 25 % )                              ;
; UFM blocks                         ; 0 / 1 ( 0 % )                               ;
; ADC blocks                         ; 1 / 2 ( 50 % )                              ;
+------------------------------------+---------------------------------------------+


+-----------------------------------------+
; Flow Settings                           ;
+-------------------+---------------------+
; Option            ; Setting             ;
+-------------------+---------------------+
; Start date & time ; 06/20/2025 23:42:51 ;
; Main task         ; Compilation         ;
; Revision Name     ; HighPass_FIR        ;
+-------------------+---------------------+


+---------------------------------------------------------------------------------------------------------------------------------------------------------+
; Flow Non-Default Global Settings                                                                                                                        ;
+--------------------------------------+-----------------------------------------------------------------+---------------+---------------+----------------+
; Assignment Name                      ; Value                                                           ; Default Value ; Entity Name   ; Section Id     ;
+--------------------------------------+-----------------------------------------------------------------+---------------+---------------+----------------+
; COMPILER_SIGNATURE_ID                ; 242193882348970.175043777157526                                 ; --            ; --            ; --             ;
; EDA_DESIGN_INSTANCE_NAME             ; NA                                                              ; --            ; --            ; tb_top         ;
; EDA_NATIVELINK_SIMULATION_TEST_BENCH ; tb_top                                                          ; --            ; --            ; eda_simulation ;
; EDA_NETLIST_WRITER_OUTPUT_DIR        ; simulation/                                                     ; --            ; --            ; eda_simulation ;
; EDA_OUTPUT_DATA_FORMAT               ; Vhdl                                                            ; --            ; --            ; eda_simulation ;
; EDA_SIMULATION_TOOL                  ; Questa Intel FPGA (VHDL)                                        ; <None>        ; --            ; --             ;
; EDA_TEST_BENCH_ENABLE_STATUS         ; TEST_BENCH_MODE                                                 ; --            ; --            ; eda_simulation ;
; EDA_TEST_BENCH_FILE                  ; HighPass_FIR_tb.vhd                                             ; --            ; --            ; tb_top         ;
; EDA_TEST_BENCH_MODULE_NAME           ; HighPass_FIR_tb                                                 ; --            ; --            ; tb_top         ;
; EDA_TEST_BENCH_NAME                  ; tb_top                                                          ; --            ; --            ; eda_simulation ;
; MAX_CORE_JUNCTION_TEMP               ; 85                                                              ; --            ; --            ; --             ;
; MIN_CORE_JUNCTION_TEMP               ; 0                                                               ; --            ; --            ; --             ;
; MISC_FILE                            ; de10_lite_adc/synthesis/../de10_lite_adc.cmp                    ; --            ; --            ; --             ;
; MISC_FILE                            ; de10_lite_adc/synthesis/../../de10_lite_adc.qsys                ; --            ; --            ; --             ;
; PARTITION_COLOR                      ; -- (Not supported for targeted family)                          ; --            ; --            ; Top            ;
; PARTITION_FITTER_PRESERVATION_LEVEL  ; -- (Not supported for targeted family)                          ; --            ; --            ; Top            ;
; PARTITION_NETLIST_TYPE               ; -- (Not supported for targeted family)                          ; --            ; --            ; Top            ;
; POWER_BOARD_THERMAL_MODEL            ; None (CONSERVATIVE)                                             ; --            ; --            ; --             ;
; POWER_PRESET_COOLING_SOLUTION        ; 23 MM HEAT SINK WITH 200 LFPM AIRFLOW                           ; --            ; --            ; --             ;
; SLD_FILE                             ; de10_lite_adc/synthesis/de10_lite_adc.debuginfo                 ; --            ; --            ; --             ;
; SLD_INFO                             ; QSYS_NAME de10_lite_adc HAS_SOPCINFO 1 GENERATION_ID 1750312725 ; --            ; de10_lite_adc ; --             ;
; SOPCINFO_FILE                        ; de10_lite_adc/synthesis/../../de10_lite_adc.sopcinfo            ; --            ; --            ; --             ;
; SYNTHESIS_ONLY_QIP                   ; On                                                              ; --            ; --            ; --             ;
; VERILOG_INPUT_VERSION                ; SystemVerilog_2005                                              ; Verilog_2001  ; --            ; --             ;
; VERILOG_SHOW_LMF_MAPPING_MESSAGES    ; Off                                                             ; --            ; --            ; --             ;
+--------------------------------------+-----------------------------------------------------------------+---------------+---------------+----------------+


+--------------------------------------------------------------------------------------------------------------------------+
; Flow Elapsed Time                                                                                                        ;
+----------------------+--------------+-------------------------+---------------------+------------------------------------+
; Module Name          ; Elapsed Time ; Average Processors Used ; Peak Virtual Memory ; Total CPU Time (on all processors) ;
+----------------------+--------------+-------------------------+---------------------+------------------------------------+
; Analysis & Synthesis ; 00:00:28     ; 1.0                     ; 611 MB              ; 00:00:57                           ;
; Fitter               ; 00:00:59     ; 1.8                     ; 1996 MB             ; 00:03:44                           ;
; Assembler            ; 00:00:04     ; 1.0                     ; 395 MB              ; 00:00:04                           ;
; Timing Analyzer      ; 00:00:07     ; 3.9                     ; 726 MB              ; 00:00:24                           ;
; EDA Netlist Writer   ; 00:00:02     ; 1.0                     ; 656 MB              ; 00:00:02                           ;
; Total                ; 00:01:40     ; --                      ; --                  ; 00:05:11                           ;
+----------------------+--------------+-------------------------+---------------------+------------------------------------+


+----------------------------------------------------------------------------------------------------+
; Flow OS Summary                                                                                    ;
+----------------------+------------------+--------------------+--------------------+----------------+
; Module Name          ; Machine Hostname ; OS Name            ; OS Version         ; Processor type ;
+----------------------+------------------+--------------------+--------------------+----------------+
; Analysis & Synthesis ; h12comp          ; \S{PRETTY_NAME} \r ; \S{PRETTY_NAME} \r ; x86_64         ;
; Fitter               ; h12comp          ; \S{PRETTY_NAME} \r ; \S{PRETTY_NAME} \r ; x86_64         ;
; Assembler            ; h12comp          ; \S{PRETTY_NAME} \r ; \S{PRETTY_NAME} \r ; x86_64         ;
; Timing Analyzer      ; h12comp          ; \S{PRETTY_NAME} \r ; \S{PRETTY_NAME} \r ; x86_64         ;
; EDA Netlist Writer   ; h12comp          ; \S{PRETTY_NAME} \r ; \S{PRETTY_NAME} \r ; x86_64         ;
+----------------------+------------------+--------------------+--------------------+----------------+


------------
; Flow Log ;
------------
quartus_map --read_settings_files=on --write_settings_files=off HighPass_FIR -c HighPass_FIR
quartus_fit --read_settings_files=off --write_settings_files=off HighPass_FIR -c HighPass_FIR
quartus_asm --read_settings_files=off --write_settings_files=off HighPass_FIR -c HighPass_FIR
quartus_sta HighPass_FIR -c HighPass_FIR
quartus_eda --read_settings_files=off --write_settings_files=off HighPass_FIR -c HighPass_FIR



